Using pre-set license
Built from '2022.3/staging' branch; Version is '2022.3.21f1 (bf09ca542b87) revision 12519882'; Using compiler version '192829333'; Build Type 'Release'
OS: 'Windows 10  (10.0.19045) 64bit Professional' Language: 'ko' Physical Memory: 15659 MB
BatchMode: 1, IsHumanControllingUs: 0, StartBugReporterOnCrash: 0, Is64bit: 1, IsPro: 1

COMMAND LINE ARGUMENTS:
C:\Program Files\Unity\Hub\Editor\2022.3.21f1\Editor\Unity.exe
-adb2
-batchMode
-noUpm
-name
AssetImportWorker2
-projectPath
C:/Users/KGA/Desktop/TeamProject/3D-Solo-Project/3D Solo Project
-logFile
Logs/AssetImportWorker2.log
-srvPort
49902
Successfully changed project path to: C:/Users/KGA/Desktop/TeamProject/3D-Solo-Project/3D Solo Project
C:/Users/KGA/Desktop/TeamProject/3D-Solo-Project/3D Solo Project
[UnityMemory] Configuration Parameters - Can be set up in boot.config
    "memorysetup-bucket-allocator-granularity=16"
    "memorysetup-bucket-allocator-bucket-count=8"
    "memorysetup-bucket-allocator-block-size=33554432"
    "memorysetup-bucket-allocator-block-count=8"
    "memorysetup-main-allocator-block-size=16777216"
    "memorysetup-thread-allocator-block-size=16777216"
    "memorysetup-gfx-main-allocator-block-size=16777216"
    "memorysetup-gfx-thread-allocator-block-size=16777216"
    "memorysetup-cache-allocator-block-size=4194304"
    "memorysetup-typetree-allocator-block-size=2097152"
    "memorysetup-profiler-bucket-allocator-granularity=16"
    "memorysetup-profiler-bucket-allocator-bucket-count=8"
    "memorysetup-profiler-bucket-allocator-block-size=33554432"
    "memorysetup-profiler-bucket-allocator-block-count=8"
    "memorysetup-profiler-allocator-block-size=16777216"
    "memorysetup-profiler-editor-allocator-block-size=1048576"
    "memorysetup-temp-allocator-size-main=16777216"
    "memorysetup-job-temp-allocator-block-size=2097152"
    "memorysetup-job-temp-allocator-block-size-background=1048576"
    "memorysetup-job-temp-allocator-reduction-small-platforms=262144"
    "memorysetup-allocator-temp-initial-block-size-main=262144"
    "memorysetup-allocator-temp-initial-block-size-worker=262144"
    "memorysetup-temp-allocator-size-background-worker=32768"
    "memorysetup-temp-allocator-size-job-worker=262144"
    "memorysetup-temp-allocator-size-preload-manager=33554432"
    "memorysetup-temp-allocator-size-nav-mesh-worker=65536"
    "memorysetup-temp-allocator-size-audio-worker=65536"
    "memorysetup-temp-allocator-size-cloud-worker=32768"
    "memorysetup-temp-allocator-size-gi-baking-worker=262144"
    "memorysetup-temp-allocator-size-gfx=262144"
Player connection [18856] Host "[IP] 192.168.0.52 [Port] 0 [Flags] 2 [Guid] 2031343771 [EditorId] 2031343771 [Version] 1048832 [Id] WindowsEditor(7,DESKTOP-S80O896) [Debug] 1 [PackageName] WindowsEditor [ProjectName] Editor" joined multi-casting on [225.0.0.222:54997]...

Player connection [18856] Host "[IP] 192.168.0.52 [Port] 0 [Flags] 2 [Guid] 2031343771 [EditorId] 2031343771 [Version] 1048832 [Id] WindowsEditor(7,DESKTOP-S80O896) [Debug] 1 [PackageName] WindowsEditor [ProjectName] Editor" joined alternative multi-casting on [225.0.0.222:34997]...

[Physics::Module] Initialized MultithreadedJobDispatcher with 11 workers.
Refreshing native plugins compatible for Editor in 6.86 ms, found 3 plugins.
Preloading 0 native plugins for Editor in 0.00 ms.
Initialize engine version: 2022.3.21f1 (bf09ca542b87)
[Subsystems] Discovering subsystems at path C:/Program Files/Unity/Hub/Editor/2022.3.21f1/Editor/Data/Resources/UnitySubsystems
[Subsystems] Discovering subsystems at path C:/Users/KGA/Desktop/TeamProject/3D-Solo-Project/3D Solo Project/Assets
GfxDevice: creating device client; threaded=0; jobified=0
Direct3D:
    Version:  Direct3D 11.0 [level 11.1]
    Renderer: AMD Radeon(TM) Graphics (ID=0x1638)
    Vendor:   ATI
    VRAM:     7829 MB
    Driver:   31.0.12042.4
Initialize mono
Mono path[0] = 'C:/Program Files/Unity/Hub/Editor/2022.3.21f1/Editor/Data/Managed'
Mono path[1] = 'C:/Program Files/Unity/Hub/Editor/2022.3.21f1/Editor/Data/MonoBleedingEdge/lib/mono/unityjit-win32'
Mono config path = 'C:/Program Files/Unity/Hub/Editor/2022.3.21f1/Editor/Data/MonoBleedingEdge/etc'
Using monoOptions --debugger-agent=transport=dt_socket,embedding=1,server=y,suspend=n,address=127.0.0.1:56464
Begin MonoManager ReloadAssembly
Registering precompiled unity dll's ...
Register platform support module: C:/Program Files/Unity/Hub/Editor/2022.3.21f1/Editor/Data/PlaybackEngines/AndroidPlayer/UnityEditor.Android.Extensions.dll
Register platform support module: C:/Program Files/Unity/Hub/Editor/2022.3.21f1/Editor/Data/PlaybackEngines/WindowsStandaloneSupport/UnityEditor.WindowsStandalone.Extensions.dll
Registered in 0.007795 seconds.
- Loaded All Assemblies, in  0.283 seconds
Native extension for WindowsStandalone target not found
Native extension for Android target not found
Android Extension - Scanning For ADB Devices 197 ms
Mono: successfully reloaded assembly
- Finished resetting the current domain, in  0.469 seconds
Domain Reload Profiling: 751ms
	BeginReloadAssembly (88ms)
		ExecutionOrderSort (0ms)
		DisableScriptedObjects (0ms)
		BackupInstance (0ms)
		ReleaseScriptingObjects (0ms)
		CreateAndSetChildDomain (1ms)
	RebuildCommonClasses (27ms)
	RebuildNativeTypeToScriptingClass (9ms)
	initialDomainReloadingComplete (52ms)
	LoadAllAssembliesAndSetupDomain (106ms)
		LoadAssemblies (87ms)
		RebuildTransferFunctionScriptingTraits (0ms)
		AnalyzeDomain (104ms)
			TypeCache.Refresh (103ms)
				TypeCache.ScanAssembly (93ms)
			ScanForSourceGeneratedMonoScriptInfo (0ms)
			ResolveRequiredComponents (0ms)
	FinalizeReload (470ms)
		ReleaseScriptCaches (0ms)
		RebuildScriptCaches (0ms)
		SetupLoadedEditorAssemblies (422ms)
			LogAssemblyErrors (0ms)
			InitializePlatformSupportModulesInManaged (281ms)
			SetLoadedEditorAssemblies (4ms)
			RefreshPlugins (0ms)
			BeforeProcessingInitializeOnLoad (2ms)
			ProcessInitializeOnLoadAttributes (98ms)
			ProcessInitializeOnLoadMethodAttributes (37ms)
			AfterProcessingInitializeOnLoad (0ms)
			EditorAssembliesLoaded (0ms)
		ExecutionOrderSort2 (0ms)
		AwakeInstancesAfterBackupRestoration (0ms)
========================================================================
Worker process is ready to serve import requests
Begin MonoManager ReloadAssembly
- Loaded All Assemblies, in  0.520 seconds
Refreshing native plugins compatible for Editor in 2.85 ms, found 3 plugins.
Native extension for WindowsStandalone target not found
Native extension for Android target not found
Mono: successfully reloaded assembly
- Finished resetting the current domain, in  0.589 seconds
Domain Reload Profiling: 1107ms
	BeginReloadAssembly (120ms)
		ExecutionOrderSort (0ms)
		DisableScriptedObjects (5ms)
		BackupInstance (0ms)
		ReleaseScriptingObjects (0ms)
		CreateAndSetChildDomain (20ms)
	RebuildCommonClasses (25ms)
	RebuildNativeTypeToScriptingClass (7ms)
	initialDomainReloadingComplete (33ms)
	LoadAllAssembliesAndSetupDomain (333ms)
		LoadAssemblies (257ms)
		RebuildTransferFunctionScriptingTraits (0ms)
		AnalyzeDomain (146ms)
			TypeCache.Refresh (129ms)
				TypeCache.ScanAssembly (116ms)
			ScanForSourceGeneratedMonoScriptInfo (13ms)
			ResolveRequiredComponents (3ms)
	FinalizeReload (589ms)
		ReleaseScriptCaches (0ms)
		RebuildScriptCaches (0ms)
		SetupLoadedEditorAssemblies (464ms)
			LogAssemblyErrors (0ms)
			InitializePlatformSupportModulesInManaged (22ms)
			SetLoadedEditorAssemblies (5ms)
			RefreshPlugins (0ms)
			BeforeProcessingInitializeOnLoad (77ms)
			ProcessInitializeOnLoadAttributes (336ms)
			ProcessInitializeOnLoadMethodAttributes (16ms)
			AfterProcessingInitializeOnLoad (7ms)
			EditorAssembliesLoaded (0ms)
		ExecutionOrderSort2 (0ms)
		AwakeInstancesAfterBackupRestoration (5ms)
Launched and connected shader compiler UnityShaderCompiler.exe after 0.03 seconds
Refreshing native plugins compatible for Editor in 2.79 ms, found 3 plugins.
Preloading 0 native plugins for Editor in 0.00 ms.
Unloading 3521 Unused Serialized files (Serialized files now loaded: 0)
Unloading 40 unused Assets / (57.5 KB). Loaded Objects now: 3990.
Memory consumption went from 140.6 MB to 140.6 MB.
Total: 2.797700 ms (FindLiveObjects: 0.228800 ms CreateObjectMapping: 0.172800 ms MarkObjects: 2.302500 ms  DeleteObjects: 0.093100 ms)

AssetImportParameters requested are different than current active one (requested -> active):
  custom:container-demuxer-ogg: 62fdf1f143b41e24485cea50d1cbac27 -> 
  custom:video-decoder-ogg-theora: a1e56fd34408186e4bbccfd4996cb3dc -> 
  custom:framework-win-MediaFoundation: 216162199b28c13a410421893ffa2e32 -> 
  custom:scripting/monoscript/fileName/PlayerController.cs: 5b090d859ab09be631dc3b0f203f9571 -> d93a52a180fbbe603a59e9aa6da73c83
  custom:scripting/monoscript/fileName/PlayerData.cs: b289807c6ad7b806f3fc454bb23db212 -> e4b7b96b5a8bcbcb4be40bfb1d4ff5c1
  custom:scripting/monoscript/fileName/InputManager.cs: 7b7e1225e8975c742a5529db57f3bba2 -> d93f6a1b1c0c117f420779e72340a718
  custom:CustomObjectIndexerAttribute: 9a22284fe3817be447336de3de66b15e -> 
  custom:container-demuxer-webm: 4f35f7cbe854078d1ac9338744f61a02 -> 
  custom:container-muxer-webm: aa71ff27fc2769a1b78a27578f13a17b -> 
  custom:video-decoder-webm-vp8: 9c59270c3fd7afecdb556c50c9e8de78 -> 
  custom:scripting/monoscript/fileName/PlayerState.cs: 3f6acdae2223f469273f1d8db0f2cb43 -> 3c2a2cdf27e0edd61d4eb43581c92d2d
  custom:SearchIndexIgnoredProperties: e643bd26f0fe6173181afceb89e7c659 -> 
  custom:AudioImporter_EditorPlatform: d09bf68614088b80899f8185d706f6e7 -> 
  custom:scripting/monoscript/fileName/PlayerInput.cs: c83d1e229fa5720cf83321911abdf8d8 -> 681925b6d303bf4fa01f7607a4114af6
  custom:scripting/monoscript/fileName/CameraManager.cs: aed9c44757be832056db2ab37b8efb1f -> efa49515d521c118282ca7f85f908717
  custom:scripting/monoscript/fileName/MonsterData.cs: 9565cd019084ee5c579c99b3e107f38a -> 8f7d3284e8b7243cf561ca2036830635
  custom:scripting/monoscript/fileName/PlayerStateManager.cs: 0e1a2fec6e39cb5d059c8e0bd5cda23f -> 5348b1d66c1997b1b00ccc323315127c
  custom:video-encoder-webm-vp8: eb34c28f22e8b96e1ab97ce403110664 -> 
  custom:audio-decoder-ogg-vorbis: bf7c407c2cedff20999df2af8eb42d56 -> 
  custom:audio-encoder-webm-vorbis: bf7c407c2cedff20999df2af8eb42d56 -> 
  custom:scripting/monoscript/fileName/MonsterController.cs: b0fa87c27d305dddc274e231912c0a1d -> 28808f0894306c5aff71ef050198d6a8
  custom:scripting/monoscript/fileName/MonsterState.cs: 5d5be4e089eb39240806befd0d6f46fa -> 06eba54e1d53d53114fe2729eca9837b
========================================================================
Received Import Request.
  Time since last request: 528222.924162 seconds.
  path: Assets/Modle/Monster/FantasyMonster/Skeleton/Ani/Materials
  artifactKey: Guid(a37bd784b149d004c92cf911fadeacd2) Importer(815301076,1909f56bfc062723c751e8b465ee728b)
Start importing Assets/Modle/Monster/FantasyMonster/Skeleton/Ani/Materials using Guid(a37bd784b149d004c92cf911fadeacd2) Importer(815301076,1909f56bfc062723c751e8b465ee728b)  -> (artifact id: 'c3080ba4219a2764d99bbbf946433d97') in 0.001981 seconds
Number of updated asset objects reloaded before import = 0
Number of asset objects unloaded after import = 0
========================================================================
Received Import Request.
  Time since last request: 0.070139 seconds.
  path: Assets/Modle/Monster/FantasyMonster/Skeleton/Ani/Materials/skeleton_D.mat
  artifactKey: Guid(b1494958bf9856a479bec1767c02878e) Importer(815301076,1909f56bfc062723c751e8b465ee728b)
Start importing Assets/Modle/Monster/FantasyMonster/Skeleton/Ani/Materials/skeleton_D.mat using Guid(b1494958bf9856a479bec1767c02878e) Importer(815301076,1909f56bfc062723c751e8b465ee728b)  -> (artifact id: '85ef74fbb4e63cb0db771231f69c3389') in 0.065272 seconds
Number of updated asset objects reloaded before import = 0
Number of asset objects unloaded after import = 2
========================================================================
Received Import Request.
  Time since last request: 30.502841 seconds.
  path: Assets/Modle/Player
  artifactKey: Guid(541615496a856cf4895fdcc649923b52) Importer(815301076,1909f56bfc062723c751e8b465ee728b)
Start importing Assets/Modle/Player using Guid(541615496a856cf4895fdcc649923b52) Importer(815301076,1909f56bfc062723c751e8b465ee728b)  -> (artifact id: '377ecc288d34b0e5c96e085a4efa9ebc') in 0.000465 seconds
Number of updated asset objects reloaded before import = 0
Number of asset objects unloaded after import = 0
========================================================================
Received Import Request.
  Time since last request: 2.499617 seconds.
  path: Assets/Modle/Player/AnimeGirls/BaseCharacter/Underwear1.prefab
  artifactKey: Guid(1733e098fdf8a9447bda920a3e41b14e) Importer(815301076,1909f56bfc062723c751e8b465ee728b)
Start importing Assets/Modle/Player/AnimeGirls/BaseCharacter/Underwear1.prefab using Guid(1733e098fdf8a9447bda920a3e41b14e) Importer(815301076,1909f56bfc062723c751e8b465ee728b)  -> (artifact id: '80b34c07dd2d6fccd2a6ac5aeaad5a50') in 0.067886 seconds
Number of updated asset objects reloaded before import = 0
Number of asset objects unloaded after import = 159
========================================================================
Received Import Request.
  Time since last request: 0.913878 seconds.
  path: Assets/Modle/Player/AnimeGirls/BaseCharacter/Demo files
  artifactKey: Guid(c23e212718ab6714cacf61e3305075d1) Importer(815301076,1909f56bfc062723c751e8b465ee728b)
Start importing Assets/Modle/Player/AnimeGirls/BaseCharacter/Demo files using Guid(c23e212718ab6714cacf61e3305075d1) Importer(815301076,1909f56bfc062723c751e8b465ee728b)  -> (artifact id: '3bcb8af9c3693b6bd5cfac274d6937c1') in 0.000558 seconds
Number of updated asset objects reloaded before import = 0
Number of asset objects unloaded after import = 0
========================================================================
Received Import Request.
  Time since last request: 2.023812 seconds.
  path: Assets/Modle/Player/AnimeGirls/BaseCharacter/BaseCharacter
  artifactKey: Guid(f9f9e92d49849014386e7cdb245c993f) Importer(815301076,1909f56bfc062723c751e8b465ee728b)
Start importing Assets/Modle/Player/AnimeGirls/BaseCharacter/BaseCharacter using Guid(f9f9e92d49849014386e7cdb245c993f) Importer(815301076,1909f56bfc062723c751e8b465ee728b)  -> (artifact id: '8644b3196ec7dd63d107ae4ccc795ec4') in 0.000418 seconds
Number of updated asset objects reloaded before import = 0
Number of asset objects unloaded after import = 0
========================================================================
Received Import Request.
  Time since last request: 1.159912 seconds.
  path: Assets/Modle/Player/AnimeGirls/Casual1/Casual1.prefab
  artifactKey: Guid(678bf8bc91771fa498236de892b83d1d) Importer(815301076,1909f56bfc062723c751e8b465ee728b)
Start importing Assets/Modle/Player/AnimeGirls/Casual1/Casual1.prefab using Guid(678bf8bc91771fa498236de892b83d1d) Importer(815301076,1909f56bfc062723c751e8b465ee728b)  -> (artifact id: 'cdc24746c3fac2803575e26902a18bef') in 0.029819 seconds
Number of updated asset objects reloaded before import = 0
Number of asset objects unloaded after import = 156
========================================================================
Received Import Request.
  Time since last request: 61.016234 seconds.
  path: Assets/Modle/Monster/FantasyMonster/Skeleton/Character/Skeleton@Skin.FBX
  artifactKey: Guid(5a35c5f0a89b9654d897ccd7c8f81bd0) Importer(815301076,1909f56bfc062723c751e8b465ee728b)
Start importing Assets/Modle/Monster/FantasyMonster/Skeleton/Character/Skeleton@Skin.FBX using Guid(5a35c5f0a89b9654d897ccd7c8f81bd0) Importer(815301076,1909f56bfc062723c751e8b465ee728b)  -> (artifact id: '31447e7eef3a08b6f56f4e8ab9d03224') in 0.039970 seconds
Number of updated asset objects reloaded before import = 0
Number of asset objects unloaded after import = 90
========================================================================
Received Import Request.
  Time since last request: 7.704761 seconds.
  path: Assets/Modle/Monster/FantasyMonster/Skeleton/Character/Skeleton@Skin.FBX
  artifactKey: Guid(5a35c5f0a89b9654d897ccd7c8f81bd0) Importer(815301076,1909f56bfc062723c751e8b465ee728b)
Start importing Assets/Modle/Monster/FantasyMonster/Skeleton/Character/Skeleton@Skin.FBX using Guid(5a35c5f0a89b9654d897ccd7c8f81bd0) Importer(815301076,1909f56bfc062723c751e8b465ee728b)  -> (artifact id: 'bffde63cbfa90f633b843fecaea9418c') in 0.026763 seconds
Number of updated asset objects reloaded before import = 0
Number of asset objects unloaded after import = 90
========================================================================
Received Import Request.
  Time since last request: 12.986581 seconds.
  path: Assets/Modle/Monster/FantasyMonster/Skeleton/Character/Skeleton@Skin.FBX
  artifactKey: Guid(5a35c5f0a89b9654d897ccd7c8f81bd0) Importer(815301076,1909f56bfc062723c751e8b465ee728b)
Start importing Assets/Modle/Monster/FantasyMonster/Skeleton/Character/Skeleton@Skin.FBX using Guid(5a35c5f0a89b9654d897ccd7c8f81bd0) Importer(815301076,1909f56bfc062723c751e8b465ee728b)  -> (artifact id: 'b263fb2781c34d8fda9e4d32f3d90ae0') in 0.028719 seconds
Number of updated asset objects reloaded before import = 0
Number of asset objects unloaded after import = 90
========================================================================
Received Prepare
Begin MonoManager ReloadAssembly
- Loaded All Assemblies, in  0.394 seconds
Refreshing native plugins compatible for Editor in 2.85 ms, found 3 plugins.
Native extension for WindowsStandalone target not found
Native extension for Android target not found
Mono: successfully reloaded assembly
- Finished resetting the current domain, in  1.081 seconds
Domain Reload Profiling: 1474ms
	BeginReloadAssembly (141ms)
		ExecutionOrderSort (0ms)
		DisableScriptedObjects (4ms)
		BackupInstance (0ms)
		ReleaseScriptingObjects (0ms)
		CreateAndSetChildDomain (33ms)
	RebuildCommonClasses (25ms)
	RebuildNativeTypeToScriptingClass (8ms)
	initialDomainReloadingComplete (25ms)
	LoadAllAssembliesAndSetupDomain (192ms)
		LoadAssemblies (259ms)
		RebuildTransferFunctionScriptingTraits (0ms)
		AnalyzeDomain (10ms)
			TypeCache.Refresh (4ms)
				TypeCache.ScanAssembly (0ms)
			ScanForSourceGeneratedMonoScriptInfo (0ms)
			ResolveRequiredComponents (4ms)
	FinalizeReload (1082ms)
		ReleaseScriptCaches (0ms)
		RebuildScriptCaches (0ms)
		SetupLoadedEditorAssemblies (588ms)
			LogAssemblyErrors (0ms)
			InitializePlatformSupportModulesInManaged (40ms)
			SetLoadedEditorAssemblies (6ms)
			RefreshPlugins (0ms)
			BeforeProcessingInitializeOnLoad (103ms)
			ProcessInitializeOnLoadAttributes (412ms)
			ProcessInitializeOnLoadMethodAttributes (20ms)
			AfterProcessingInitializeOnLoad (8ms)
			EditorAssembliesLoaded (0ms)
		ExecutionOrderSort2 (0ms)
		AwakeInstancesAfterBackupRestoration (6ms)
Refreshing native plugins compatible for Editor in 3.67 ms, found 3 plugins.
Preloading 0 native plugins for Editor in 0.00 ms.
Unloading 3510 Unused Serialized files (Serialized files now loaded: 0)
Unloading 25 unused Assets / (31.6 KB). Loaded Objects now: 4037.
Memory consumption went from 142.2 MB to 142.2 MB.
Total: 4.112400 ms (FindLiveObjects: 0.506100 ms CreateObjectMapping: 0.297200 ms MarkObjects: 3.225900 ms  DeleteObjects: 0.082100 ms)

Prepare: number of updated asset objects reloaded= 0
AssetImportParameters requested are different than current active one (requested -> active):
  custom:container-demuxer-ogg: 62fdf1f143b41e24485cea50d1cbac27 -> 
  custom:video-decoder-ogg-theora: a1e56fd34408186e4bbccfd4996cb3dc -> 
  custom:framework-win-MediaFoundation: 216162199b28c13a410421893ffa2e32 -> 
  custom:scripting/monoscript/fileName/PlayerController.cs: 5b090d859ab09be631dc3b0f203f9571 -> d93a52a180fbbe603a59e9aa6da73c83
  custom:scripting/monoscript/fileName/PlayerData.cs: b289807c6ad7b806f3fc454bb23db212 -> e4b7b96b5a8bcbcb4be40bfb1d4ff5c1
  custom:scripting/monoscript/fileName/InputManager.cs: 7b7e1225e8975c742a5529db57f3bba2 -> d93f6a1b1c0c117f420779e72340a718
  custom:CustomObjectIndexerAttribute: 9a22284fe3817be447336de3de66b15e -> 
  custom:container-demuxer-webm: 4f35f7cbe854078d1ac9338744f61a02 -> 
  custom:container-muxer-webm: aa71ff27fc2769a1b78a27578f13a17b -> 
  custom:video-decoder-webm-vp8: 9c59270c3fd7afecdb556c50c9e8de78 -> 
  custom:scripting/monoscript/fileName/PlayerState.cs: 3f6acdae2223f469273f1d8db0f2cb43 -> 3c2a2cdf27e0edd61d4eb43581c92d2d
  custom:SearchIndexIgnoredProperties: e643bd26f0fe6173181afceb89e7c659 -> 
  custom:AudioImporter_EditorPlatform: d09bf68614088b80899f8185d706f6e7 -> 
  custom:scripting/monoscript/fileName/PlayerInput.cs: c83d1e229fa5720cf83321911abdf8d8 -> 681925b6d303bf4fa01f7607a4114af6
  custom:scripting/monoscript/fileName/CameraManager.cs: aed9c44757be832056db2ab37b8efb1f -> efa49515d521c118282ca7f85f908717
  custom:scripting/monoscript/fileName/MonsterData.cs: 9565cd019084ee5c579c99b3e107f38a -> 8f7d3284e8b7243cf561ca2036830635
  custom:scripting/monoscript/fileName/PlayerStateManager.cs: 0e1a2fec6e39cb5d059c8e0bd5cda23f -> 5348b1d66c1997b1b00ccc323315127c
  custom:video-encoder-webm-vp8: eb34c28f22e8b96e1ab97ce403110664 -> 
  custom:audio-decoder-ogg-vorbis: bf7c407c2cedff20999df2af8eb42d56 -> 
  custom:audio-encoder-webm-vorbis: bf7c407c2cedff20999df2af8eb42d56 -> 
  custom:scripting/monoscript/fileName/MonsterController.cs: b0fa87c27d305dddc274e231912c0a1d -> 28808f0894306c5aff71ef050198d6a8
  custom:scripting/monoscript/fileName/MonsterState.cs: 5d5be4e089eb39240806befd0d6f46fa -> 06eba54e1d53d53114fe2729eca9837b
========================================================================
Received Prepare
Begin MonoManager ReloadAssembly
- Loaded All Assemblies, in  0.391 seconds
Refreshing native plugins compatible for Editor in 4.44 ms, found 3 plugins.
Native extension for WindowsStandalone target not found
Native extension for Android target not found
Mono: successfully reloaded assembly
- Finished resetting the current domain, in  1.056 seconds
Domain Reload Profiling: 1444ms
	BeginReloadAssembly (140ms)
		ExecutionOrderSort (0ms)
		DisableScriptedObjects (4ms)
		BackupInstance (0ms)
		ReleaseScriptingObjects (0ms)
		CreateAndSetChildDomain (32ms)
	RebuildCommonClasses (25ms)
	RebuildNativeTypeToScriptingClass (8ms)
	initialDomainReloadingComplete (24ms)
	LoadAllAssembliesAndSetupDomain (191ms)
		LoadAssemblies (256ms)
		RebuildTransferFunctionScriptingTraits (0ms)
		AnalyzeDomain (10ms)
			TypeCache.Refresh (4ms)
				TypeCache.ScanAssembly (0ms)
			ScanForSourceGeneratedMonoScriptInfo (0ms)
			ResolveRequiredComponents (4ms)
	FinalizeReload (1056ms)
		ReleaseScriptCaches (0ms)
		RebuildScriptCaches (0ms)
		SetupLoadedEditorAssemblies (554ms)
			LogAssemblyErrors (0ms)
			InitializePlatformSupportModulesInManaged (29ms)
			SetLoadedEditorAssemblies (6ms)
			RefreshPlugins (0ms)
			BeforeProcessingInitializeOnLoad (117ms)
			ProcessInitializeOnLoadAttributes (374ms)
			ProcessInitializeOnLoadMethodAttributes (20ms)
			AfterProcessingInitializeOnLoad (7ms)
			EditorAssembliesLoaded (0ms)
		ExecutionOrderSort2 (0ms)
		AwakeInstancesAfterBackupRestoration (7ms)
Refreshing native plugins compatible for Editor in 3.36 ms, found 3 plugins.
Preloading 0 native plugins for Editor in 0.00 ms.
Unloading 3511 Unused Serialized files (Serialized files now loaded: 0)
Unloading 25 unused Assets / (31.6 KB). Loaded Objects now: 4040.
Memory consumption went from 144.4 MB to 144.4 MB.
Total: 3.685200 ms (FindLiveObjects: 0.238100 ms CreateObjectMapping: 0.337000 ms MarkObjects: 3.052800 ms  DeleteObjects: 0.056600 ms)

Prepare: number of updated asset objects reloaded= 0
AssetImportParameters requested are different than current active one (requested -> active):
  custom:container-demuxer-ogg: 62fdf1f143b41e24485cea50d1cbac27 -> 
  custom:video-decoder-ogg-theora: a1e56fd34408186e4bbccfd4996cb3dc -> 
  custom:framework-win-MediaFoundation: 216162199b28c13a410421893ffa2e32 -> 
  custom:scripting/monoscript/fileName/PlayerController.cs: 5b090d859ab09be631dc3b0f203f9571 -> d93a52a180fbbe603a59e9aa6da73c83
  custom:scripting/monoscript/fileName/PlayerData.cs: b289807c6ad7b806f3fc454bb23db212 -> e4b7b96b5a8bcbcb4be40bfb1d4ff5c1
  custom:scripting/monoscript/fileName/InputManager.cs: 7b7e1225e8975c742a5529db57f3bba2 -> d93f6a1b1c0c117f420779e72340a718
  custom:CustomObjectIndexerAttribute: 9a22284fe3817be447336de3de66b15e -> 
  custom:container-demuxer-webm: 4f35f7cbe854078d1ac9338744f61a02 -> 
  custom:container-muxer-webm: aa71ff27fc2769a1b78a27578f13a17b -> 
  custom:video-decoder-webm-vp8: 9c59270c3fd7afecdb556c50c9e8de78 -> 
  custom:scripting/monoscript/fileName/PlayerState.cs: 3f6acdae2223f469273f1d8db0f2cb43 -> 3c2a2cdf27e0edd61d4eb43581c92d2d
  custom:SearchIndexIgnoredProperties: e643bd26f0fe6173181afceb89e7c659 -> 
  custom:AudioImporter_EditorPlatform: d09bf68614088b80899f8185d706f6e7 -> 
  custom:scripting/monoscript/fileName/PlayerInput.cs: c83d1e229fa5720cf83321911abdf8d8 -> 681925b6d303bf4fa01f7607a4114af6
  custom:scripting/monoscript/fileName/CameraManager.cs: aed9c44757be832056db2ab37b8efb1f -> efa49515d521c118282ca7f85f908717
  custom:scripting/monoscript/fileName/MonsterData.cs: 9565cd019084ee5c579c99b3e107f38a -> 8f7d3284e8b7243cf561ca2036830635
  custom:scripting/monoscript/fileName/PlayerStateManager.cs: 0e1a2fec6e39cb5d059c8e0bd5cda23f -> 5348b1d66c1997b1b00ccc323315127c
  custom:video-encoder-webm-vp8: eb34c28f22e8b96e1ab97ce403110664 -> 
  custom:audio-decoder-ogg-vorbis: bf7c407c2cedff20999df2af8eb42d56 -> 
  custom:audio-encoder-webm-vorbis: bf7c407c2cedff20999df2af8eb42d56 -> 
  custom:scripting/monoscript/fileName/MonsterController.cs: b0fa87c27d305dddc274e231912c0a1d -> 28808f0894306c5aff71ef050198d6a8
  custom:scripting/monoscript/fileName/MonsterState.cs: 5d5be4e089eb39240806befd0d6f46fa -> 06eba54e1d53d53114fe2729eca9837b
========================================================================
Received Import Request.
  Time since last request: 63.110105 seconds.
  path: Assets/Modle/Monster/FantasyMonster/Skeleton/Ani/Skeleton@Attack.FBX
  artifactKey: Guid(dfc15c633f0d98141920018f79a042a6) Importer(815301076,1909f56bfc062723c751e8b465ee728b)
Start importing Assets/Modle/Monster/FantasyMonster/Skeleton/Ani/Skeleton@Attack.FBX using Guid(dfc15c633f0d98141920018f79a042a6) Importer(815301076,1909f56bfc062723c751e8b465ee728b)  -> (artifact id: 'b2adbf1354917941cac4c86a94cdde84') in 0.090489 seconds
Number of updated asset objects reloaded before import = 0
Number of asset objects unloaded after import = 91
========================================================================
Received Import Request.
  Time since last request: 0.000025 seconds.
  path: Assets/Modle/Monster/FantasyMonster/Skeleton/Ani/Skeleton@Skill.FBX
  artifactKey: Guid(1e768688017709245aed3bb86453c364) Importer(815301076,1909f56bfc062723c751e8b465ee728b)
Start importing Assets/Modle/Monster/FantasyMonster/Skeleton/Ani/Skeleton@Skill.FBX using Guid(1e768688017709245aed3bb86453c364) Importer(815301076,1909f56bfc062723c751e8b465ee728b)  -> (artifact id: 'c279b328031cbfdcd6d76041e844a063') in 0.031083 seconds
Number of updated asset objects reloaded before import = 0
Number of asset objects unloaded after import = 91
========================================================================
Received Import Request.
  Time since last request: 0.000028 seconds.
  path: Assets/Modle/Monster/FantasyMonster/Skeleton/Ani/Skeleton@Death.FBX
  artifactKey: Guid(a749f4485b342b7469956010abf2ab25) Importer(815301076,1909f56bfc062723c751e8b465ee728b)
Start importing Assets/Modle/Monster/FantasyMonster/Skeleton/Ani/Skeleton@Death.FBX using Guid(a749f4485b342b7469956010abf2ab25) Importer(815301076,1909f56bfc062723c751e8b465ee728b)  -> (artifact id: '3eca7bb6510874b4294a8120da69d8f5') in 0.030089 seconds
Number of updated asset objects reloaded before import = 0
Number of asset objects unloaded after import = 91
========================================================================
Received Import Request.
  Time since last request: 0.000020 seconds.
  path: Assets/Modle/Monster/FantasyMonster/Skeleton/Ani/Skeleton@Run.FBX
  artifactKey: Guid(f57ee821486cd7b488adf1063a8dd207) Importer(815301076,1909f56bfc062723c751e8b465ee728b)
Start importing Assets/Modle/Monster/FantasyMonster/Skeleton/Ani/Skeleton@Run.FBX using Guid(f57ee821486cd7b488adf1063a8dd207) Importer(815301076,1909f56bfc062723c751e8b465ee728b)  -> (artifact id: '5bf236bab6cf8abbaaa5bb66c8ec5e55') in 0.031624 seconds
Number of updated asset objects reloaded before import = 0
Number of asset objects unloaded after import = 91
========================================================================
Received Import Request.
  Time since last request: 0.000020 seconds.
  path: Assets/Modle/Monster/FantasyMonster/Skeleton/Ani/Skeleton@Knockback.FBX
  artifactKey: Guid(6e0b4a05932877a4b89fb3fb32c3e72b) Importer(815301076,1909f56bfc062723c751e8b465ee728b)
Start importing Assets/Modle/Monster/FantasyMonster/Skeleton/Ani/Skeleton@Knockback.FBX using Guid(6e0b4a05932877a4b89fb3fb32c3e72b) Importer(815301076,1909f56bfc062723c751e8b465ee728b)  -> (artifact id: '9dd2a591695680887f546aa9da211a74') in 0.035840 seconds
Number of updated asset objects reloaded before import = 0
Number of asset objects unloaded after import = 91
========================================================================
Received Import Request.
  Time since last request: 0.000024 seconds.
  path: Assets/Modle/Monster/FantasyMonster/Skeleton/Ani/Skeleton@Stand.FBX
  artifactKey: Guid(6f61bc53c41ba664fa527d3386ecfd1e) Importer(815301076,1909f56bfc062723c751e8b465ee728b)
Start importing Assets/Modle/Monster/FantasyMonster/Skeleton/Ani/Skeleton@Stand.FBX using Guid(6f61bc53c41ba664fa527d3386ecfd1e) Importer(815301076,1909f56bfc062723c751e8b465ee728b)  -> (artifact id: 'edb47ab2301720479cb7c789a23e507d') in 0.035275 seconds
Number of updated asset objects reloaded before import = 0
Number of asset objects unloaded after import = 91
========================================================================
Received Prepare
Begin MonoManager ReloadAssembly
- Loaded All Assemblies, in  0.402 seconds
Refreshing native plugins compatible for Editor in 4.57 ms, found 3 plugins.
Native extension for WindowsStandalone target not found
Native extension for Android target not found
Mono: successfully reloaded assembly
- Finished resetting the current domain, in  1.009 seconds
Domain Reload Profiling: 1409ms
	BeginReloadAssembly (140ms)
		ExecutionOrderSort (0ms)
		DisableScriptedObjects (4ms)
		BackupInstance (0ms)
		ReleaseScriptingObjects (0ms)
		CreateAndSetChildDomain (38ms)
	RebuildCommonClasses (25ms)
	RebuildNativeTypeToScriptingClass (8ms)
	initialDomainReloadingComplete (24ms)
	LoadAllAssembliesAndSetupDomain (202ms)
		LoadAssemblies (263ms)
		RebuildTransferFunctionScriptingTraits (0ms)
		AnalyzeDomain (9ms)
			TypeCache.Refresh (4ms)
				TypeCache.ScanAssembly (0ms)
			ScanForSourceGeneratedMonoScriptInfo (0ms)
			ResolveRequiredComponents (4ms)
	FinalizeReload (1009ms)
		ReleaseScriptCaches (0ms)
		RebuildScriptCaches (0ms)
		SetupLoadedEditorAssemblies (560ms)
			LogAssemblyErrors (0ms)
			InitializePlatformSupportModulesInManaged (21ms)
			SetLoadedEditorAssemblies (6ms)
			RefreshPlugins (0ms)
			BeforeProcessingInitializeOnLoad (96ms)
			ProcessInitializeOnLoadAttributes (405ms)
			ProcessInitializeOnLoadMethodAttributes (24ms)
			AfterProcessingInitializeOnLoad (8ms)
			EditorAssembliesLoaded (0ms)
		ExecutionOrderSort2 (0ms)
		AwakeInstancesAfterBackupRestoration (6ms)
Refreshing native plugins compatible for Editor in 3.56 ms, found 3 plugins.
Preloading 0 native plugins for Editor in 0.00 ms.
Unloading 3510 Unused Serialized files (Serialized files now loaded: 0)
Unloading 25 unused Assets / (31.6 KB). Loaded Objects now: 4043.
Memory consumption went from 146.1 MB to 146.1 MB.
Total: 4.064700 ms (FindLiveObjects: 0.473600 ms CreateObjectMapping: 0.278100 ms MarkObjects: 3.264100 ms  DeleteObjects: 0.047500 ms)

Prepare: number of updated asset objects reloaded= 0
AssetImportParameters requested are different than current active one (requested -> active):
  custom:container-demuxer-ogg: 62fdf1f143b41e24485cea50d1cbac27 -> 
  custom:video-decoder-ogg-theora: a1e56fd34408186e4bbccfd4996cb3dc -> 
  custom:framework-win-MediaFoundation: 216162199b28c13a410421893ffa2e32 -> 
  custom:scripting/monoscript/fileName/PlayerController.cs: 5b090d859ab09be631dc3b0f203f9571 -> d93a52a180fbbe603a59e9aa6da73c83
  custom:scripting/monoscript/fileName/PlayerData.cs: b289807c6ad7b806f3fc454bb23db212 -> e4b7b96b5a8bcbcb4be40bfb1d4ff5c1
  custom:scripting/monoscript/fileName/InputManager.cs: 7b7e1225e8975c742a5529db57f3bba2 -> d93f6a1b1c0c117f420779e72340a718
  custom:CustomObjectIndexerAttribute: 9a22284fe3817be447336de3de66b15e -> 
  custom:container-demuxer-webm: 4f35f7cbe854078d1ac9338744f61a02 -> 
  custom:container-muxer-webm: aa71ff27fc2769a1b78a27578f13a17b -> 
  custom:video-decoder-webm-vp8: 9c59270c3fd7afecdb556c50c9e8de78 -> 
  custom:scripting/monoscript/fileName/PlayerState.cs: 3f6acdae2223f469273f1d8db0f2cb43 -> 3c2a2cdf27e0edd61d4eb43581c92d2d
  custom:SearchIndexIgnoredProperties: e643bd26f0fe6173181afceb89e7c659 -> 
  custom:AudioImporter_EditorPlatform: d09bf68614088b80899f8185d706f6e7 -> 
  custom:scripting/monoscript/fileName/PlayerInput.cs: c83d1e229fa5720cf83321911abdf8d8 -> 681925b6d303bf4fa01f7607a4114af6
  custom:scripting/monoscript/fileName/CameraManager.cs: aed9c44757be832056db2ab37b8efb1f -> efa49515d521c118282ca7f85f908717
  custom:scripting/monoscript/fileName/MonsterData.cs: 9565cd019084ee5c579c99b3e107f38a -> 8f7d3284e8b7243cf561ca2036830635
  custom:scripting/monoscript/fileName/PlayerStateManager.cs: 0e1a2fec6e39cb5d059c8e0bd5cda23f -> 5348b1d66c1997b1b00ccc323315127c
  custom:video-encoder-webm-vp8: eb34c28f22e8b96e1ab97ce403110664 -> 
  custom:audio-decoder-ogg-vorbis: bf7c407c2cedff20999df2af8eb42d56 -> 
  custom:audio-encoder-webm-vorbis: bf7c407c2cedff20999df2af8eb42d56 -> 
  custom:scripting/monoscript/fileName/MonsterController.cs: b0fa87c27d305dddc274e231912c0a1d -> 28808f0894306c5aff71ef050198d6a8
  custom:scripting/monoscript/fileName/MonsterState.cs: 5d5be4e089eb39240806befd0d6f46fa -> 06eba54e1d53d53114fe2729eca9837b
========================================================================
Received Prepare
Begin MonoManager ReloadAssembly
- Loaded All Assemblies, in  0.411 seconds
Refreshing native plugins compatible for Editor in 2.75 ms, found 3 plugins.
Native extension for WindowsStandalone target not found
Native extension for Android target not found
Mono: successfully reloaded assembly
- Finished resetting the current domain, in  1.139 seconds
Domain Reload Profiling: 1548ms
	BeginReloadAssembly (146ms)
		ExecutionOrderSort (0ms)
		DisableScriptedObjects (4ms)
		BackupInstance (0ms)
		ReleaseScriptingObjects (0ms)
		CreateAndSetChildDomain (38ms)
	RebuildCommonClasses (27ms)
	RebuildNativeTypeToScriptingClass (8ms)
	initialDomainReloadingComplete (25ms)
	LoadAllAssembliesAndSetupDomain (203ms)
		LoadAssemblies (264ms)
		RebuildTransferFunctionScriptingTraits (0ms)
		AnalyzeDomain (9ms)
			TypeCache.Refresh (4ms)
				TypeCache.ScanAssembly (0ms)
			ScanForSourceGeneratedMonoScriptInfo (0ms)
			ResolveRequiredComponents (4ms)
	FinalizeReload (1140ms)
		ReleaseScriptCaches (0ms)
		RebuildScriptCaches (0ms)
		SetupLoadedEditorAssemblies (626ms)
			LogAssemblyErrors (0ms)
			InitializePlatformSupportModulesInManaged (46ms)
			SetLoadedEditorAssemblies (7ms)
			RefreshPlugins (0ms)
			BeforeProcessingInitializeOnLoad (110ms)
			ProcessInitializeOnLoadAttributes (429ms)
			ProcessInitializeOnLoadMethodAttributes (26ms)
			AfterProcessingInitializeOnLoad (8ms)
			EditorAssembliesLoaded (0ms)
		ExecutionOrderSort2 (0ms)
		AwakeInstancesAfterBackupRestoration (6ms)
Refreshing native plugins compatible for Editor in 3.56 ms, found 3 plugins.
Preloading 0 native plugins for Editor in 0.00 ms.
Unloading 3511 Unused Serialized files (Serialized files now loaded: 0)
Unloading 25 unused Assets / (31.6 KB). Loaded Objects now: 4046.
Memory consumption went from 148.3 MB to 148.3 MB.
Total: 4.670700 ms (FindLiveObjects: 0.661900 ms CreateObjectMapping: 0.220200 ms MarkObjects: 3.646800 ms  DeleteObjects: 0.139900 ms)

Prepare: number of updated asset objects reloaded= 0
AssetImportParameters requested are different than current active one (requested -> active):
  custom:container-demuxer-ogg: 62fdf1f143b41e24485cea50d1cbac27 -> 
  custom:video-decoder-ogg-theora: a1e56fd34408186e4bbccfd4996cb3dc -> 
  custom:framework-win-MediaFoundation: 216162199b28c13a410421893ffa2e32 -> 
  custom:scripting/monoscript/fileName/PlayerController.cs: 5b090d859ab09be631dc3b0f203f9571 -> d93a52a180fbbe603a59e9aa6da73c83
  custom:scripting/monoscript/fileName/PlayerData.cs: b289807c6ad7b806f3fc454bb23db212 -> e4b7b96b5a8bcbcb4be40bfb1d4ff5c1
  custom:scripting/monoscript/fileName/InputManager.cs: 7b7e1225e8975c742a5529db57f3bba2 -> d93f6a1b1c0c117f420779e72340a718
  custom:CustomObjectIndexerAttribute: 9a22284fe3817be447336de3de66b15e -> 
  custom:container-demuxer-webm: 4f35f7cbe854078d1ac9338744f61a02 -> 
  custom:container-muxer-webm: aa71ff27fc2769a1b78a27578f13a17b -> 
  custom:video-decoder-webm-vp8: 9c59270c3fd7afecdb556c50c9e8de78 -> 
  custom:scripting/monoscript/fileName/PlayerState.cs: 3f6acdae2223f469273f1d8db0f2cb43 -> 3c2a2cdf27e0edd61d4eb43581c92d2d
  custom:SearchIndexIgnoredProperties: e643bd26f0fe6173181afceb89e7c659 -> 
  custom:AudioImporter_EditorPlatform: d09bf68614088b80899f8185d706f6e7 -> 
  custom:scripting/monoscript/fileName/PlayerInput.cs: c83d1e229fa5720cf83321911abdf8d8 -> 681925b6d303bf4fa01f7607a4114af6
  custom:scripting/monoscript/fileName/CameraManager.cs: aed9c44757be832056db2ab37b8efb1f -> efa49515d521c118282ca7f85f908717
  custom:scripting/monoscript/fileName/MonsterData.cs: 9565cd019084ee5c579c99b3e107f38a -> 8f7d3284e8b7243cf561ca2036830635
  custom:scripting/monoscript/fileName/PlayerStateManager.cs: 0e1a2fec6e39cb5d059c8e0bd5cda23f -> 5348b1d66c1997b1b00ccc323315127c
  custom:video-encoder-webm-vp8: eb34c28f22e8b96e1ab97ce403110664 -> 
  custom:audio-decoder-ogg-vorbis: bf7c407c2cedff20999df2af8eb42d56 -> 
  custom:audio-encoder-webm-vorbis: bf7c407c2cedff20999df2af8eb42d56 -> 
  custom:scripting/monoscript/fileName/MonsterController.cs: b0fa87c27d305dddc274e231912c0a1d -> 28808f0894306c5aff71ef050198d6a8
  custom:scripting/monoscript/fileName/MonsterState.cs: 5d5be4e089eb39240806befd0d6f46fa -> 06eba54e1d53d53114fe2729eca9837b
========================================================================
Received Import Request.
  Time since last request: 60.321081 seconds.
  path: Assets/Prefab
  artifactKey: Guid(bbaf1fd1084a74f4987cb91b8e3ab7e9) Importer(815301076,1909f56bfc062723c751e8b465ee728b)
Start importing Assets/Prefab using Guid(bbaf1fd1084a74f4987cb91b8e3ab7e9) Importer(815301076,1909f56bfc062723c751e8b465ee728b)  -> (artifact id: '70c3eb111d5921e70a5087a9200d3365') in 0.001673 seconds
Number of updated asset objects reloaded before import = 0
Number of asset objects unloaded after import = 0
========================================================================
Received Import Request.
  Time since last request: 3.840309 seconds.
  path: Assets/Prefab/Skeleton@Skin.prefab
  artifactKey: Guid(dd0ec16675139db41b1c3ee93c26a626) Importer(815301076,1909f56bfc062723c751e8b465ee728b)
Start importing Assets/Prefab/Skeleton@Skin.prefab using Guid(dd0ec16675139db41b1c3ee93c26a626) Importer(815301076,1909f56bfc062723c751e8b465ee728b)  -> (artifact id: 'a9a4f9c8eaf752dfefbe5bce2e802af3') in 0.075221 seconds
Number of updated asset objects reloaded before import = 0
Number of asset objects unloaded after import = 176
========================================================================
Received Import Request.
  Time since last request: 9.107703 seconds.
  path: Assets/Prefab/Skeleton@Skin.prefab
  artifactKey: Guid(dd0ec16675139db41b1c3ee93c26a626) Importer(815301076,1909f56bfc062723c751e8b465ee728b)
Start importing Assets/Prefab/Skeleton@Skin.prefab using Guid(dd0ec16675139db41b1c3ee93c26a626) Importer(815301076,1909f56bfc062723c751e8b465ee728b)  -> (artifact id: '4f3670d3f972461d7094f650a61f2681') in 0.008030 seconds
Number of updated asset objects reloaded before import = 0
Number of asset objects unloaded after import = 90
========================================================================
Received Import Request.
  Time since last request: 13.082895 seconds.
  path: Assets/Prefab/Skeleton@Skin.prefab
  artifactKey: Guid(dd0ec16675139db41b1c3ee93c26a626) Importer(815301076,1909f56bfc062723c751e8b465ee728b)
Start importing Assets/Prefab/Skeleton@Skin.prefab using Guid(dd0ec16675139db41b1c3ee93c26a626) Importer(815301076,1909f56bfc062723c751e8b465ee728b)  -> (artifact id: '0380cd73009053854d08cc64b5538d84') in 0.007033 seconds
Number of updated asset objects reloaded before import = 0
Number of asset objects unloaded after import = 90
========================================================================
Received Import Request.
  Time since last request: 15.045014 seconds.
  path: Assets/Prefab/Skeleton@Skin.prefab
  artifactKey: Guid(dd0ec16675139db41b1c3ee93c26a626) Importer(815301076,1909f56bfc062723c751e8b465ee728b)
Start importing Assets/Prefab/Skeleton@Skin.prefab using Guid(dd0ec16675139db41b1c3ee93c26a626) Importer(815301076,1909f56bfc062723c751e8b465ee728b)  -> (artifact id: '6abfa606ece253c36f765ca78f7124c5') in 0.007405 seconds
Number of updated asset objects reloaded before import = 0
Number of asset objects unloaded after import = 91
========================================================================
Received Import Request.
  Time since last request: 10.449542 seconds.
  path: Assets/Prefab/Skeleton@Skin.prefab
  artifactKey: Guid(dd0ec16675139db41b1c3ee93c26a626) Importer(815301076,1909f56bfc062723c751e8b465ee728b)
Start importing Assets/Prefab/Skeleton@Skin.prefab using Guid(dd0ec16675139db41b1c3ee93c26a626) Importer(815301076,1909f56bfc062723c751e8b465ee728b)  -> (artifact id: '4bd2cf30eb45f59b52ce3eb74067852f') in 0.007136 seconds
Number of updated asset objects reloaded before import = 0
Number of asset objects unloaded after import = 92
========================================================================
Received Import Request.
  Time since last request: 29.533872 seconds.
  path: Assets/Prefab/Skeleton@Skin.prefab
  artifactKey: Guid(dd0ec16675139db41b1c3ee93c26a626) Importer(815301076,1909f56bfc062723c751e8b465ee728b)
Start importing Assets/Prefab/Skeleton@Skin.prefab using Guid(dd0ec16675139db41b1c3ee93c26a626) Importer(815301076,1909f56bfc062723c751e8b465ee728b)  -> (artifact id: '5a67dbb8802381d6ed37b8e7294a28b5') in 0.008233 seconds
Number of updated asset objects reloaded before import = 0
Number of asset objects unloaded after import = 91
========================================================================
Received Prepare
Begin MonoManager ReloadAssembly
- Loaded All Assemblies, in  0.404 seconds
Refreshing native plugins compatible for Editor in 3.28 ms, found 3 plugins.
Native extension for WindowsStandalone target not found
Native extension for Android target not found
Mono: successfully reloaded assembly
- Finished resetting the current domain, in  1.096 seconds
Domain Reload Profiling: 1498ms
	BeginReloadAssembly (136ms)
		ExecutionOrderSort (0ms)
		DisableScriptedObjects (5ms)
		BackupInstance (0ms)
		ReleaseScriptingObjects (0ms)
		CreateAndSetChildDomain (33ms)
	RebuildCommonClasses (25ms)
	RebuildNativeTypeToScriptingClass (8ms)
	initialDomainReloadingComplete (24ms)
	LoadAllAssembliesAndSetupDomain (208ms)
		LoadAssemblies (265ms)
		RebuildTransferFunctionScriptingTraits (0ms)
		AnalyzeDomain (12ms)
			TypeCache.Refresh (4ms)
				TypeCache.ScanAssembly (0ms)
			ScanForSourceGeneratedMonoScriptInfo (0ms)
			ResolveRequiredComponents (6ms)
	FinalizeReload (1096ms)
		ReleaseScriptCaches (0ms)
		RebuildScriptCaches (0ms)
		SetupLoadedEditorAssemblies (561ms)
			LogAssemblyErrors (0ms)
			InitializePlatformSupportModulesInManaged (22ms)
			SetLoadedEditorAssemblies (5ms)
			RefreshPlugins (0ms)
			BeforeProcessingInitializeOnLoad (91ms)
			ProcessInitializeOnLoadAttributes (411ms)
			ProcessInitializeOnLoadMethodAttributes (22ms)
			AfterProcessingInitializeOnLoad (10ms)
			EditorAssembliesLoaded (0ms)
		ExecutionOrderSort2 (0ms)
		AwakeInstancesAfterBackupRestoration (5ms)
Refreshing native plugins compatible for Editor in 3.74 ms, found 3 plugins.
Preloading 0 native plugins for Editor in 0.00 ms.
Unloading 3510 Unused Serialized files (Serialized files now loaded: 0)
Unloading 25 unused Assets / (31.6 KB). Loaded Objects now: 4049.
Memory consumption went from 150.1 MB to 150.0 MB.
Total: 3.293500 ms (FindLiveObjects: 0.299100 ms CreateObjectMapping: 0.244300 ms MarkObjects: 2.700800 ms  DeleteObjects: 0.048200 ms)

Prepare: number of updated asset objects reloaded= 0
AssetImportParameters requested are different than current active one (requested -> active):
  custom:container-demuxer-ogg: 62fdf1f143b41e24485cea50d1cbac27 -> 
  custom:video-decoder-ogg-theora: a1e56fd34408186e4bbccfd4996cb3dc -> 
  custom:framework-win-MediaFoundation: 216162199b28c13a410421893ffa2e32 -> 
  custom:scripting/monoscript/fileName/PlayerController.cs: 5b090d859ab09be631dc3b0f203f9571 -> d93a52a180fbbe603a59e9aa6da73c83
  custom:scripting/monoscript/fileName/PlayerData.cs: b289807c6ad7b806f3fc454bb23db212 -> e4b7b96b5a8bcbcb4be40bfb1d4ff5c1
  custom:scripting/monoscript/fileName/InputManager.cs: 7b7e1225e8975c742a5529db57f3bba2 -> d93f6a1b1c0c117f420779e72340a718
  custom:CustomObjectIndexerAttribute: 9a22284fe3817be447336de3de66b15e -> 
  custom:container-demuxer-webm: 4f35f7cbe854078d1ac9338744f61a02 -> 
  custom:container-muxer-webm: aa71ff27fc2769a1b78a27578f13a17b -> 
  custom:video-decoder-webm-vp8: 9c59270c3fd7afecdb556c50c9e8de78 -> 
  custom:scripting/monoscript/fileName/PlayerState.cs: 3f6acdae2223f469273f1d8db0f2cb43 -> 3c2a2cdf27e0edd61d4eb43581c92d2d
  custom:SearchIndexIgnoredProperties: e643bd26f0fe6173181afceb89e7c659 -> 
  custom:AudioImporter_EditorPlatform: d09bf68614088b80899f8185d706f6e7 -> 
  custom:scripting/monoscript/fileName/PlayerInput.cs: c83d1e229fa5720cf83321911abdf8d8 -> 681925b6d303bf4fa01f7607a4114af6
  custom:scripting/monoscript/fileName/CameraManager.cs: aed9c44757be832056db2ab37b8efb1f -> efa49515d521c118282ca7f85f908717
  custom:scripting/monoscript/fileName/MonsterData.cs: 9565cd019084ee5c579c99b3e107f38a -> 8f7d3284e8b7243cf561ca2036830635
  custom:scripting/monoscript/fileName/PlayerStateManager.cs: 0e1a2fec6e39cb5d059c8e0bd5cda23f -> 5348b1d66c1997b1b00ccc323315127c
  custom:video-encoder-webm-vp8: eb34c28f22e8b96e1ab97ce403110664 -> 
  custom:audio-decoder-ogg-vorbis: bf7c407c2cedff20999df2af8eb42d56 -> 
  custom:audio-encoder-webm-vorbis: bf7c407c2cedff20999df2af8eb42d56 -> 
  custom:scripting/monoscript/fileName/MonsterController.cs: b0fa87c27d305dddc274e231912c0a1d -> 28808f0894306c5aff71ef050198d6a8
  custom:scripting/monoscript/fileName/MonsterState.cs: 5d5be4e089eb39240806befd0d6f46fa -> 06eba54e1d53d53114fe2729eca9837b
========================================================================
Received Import Request.
  Time since last request: 249.617493 seconds.
  path: Assets/Prefab/Skeleton@Skin.prefab
  artifactKey: Guid(dd0ec16675139db41b1c3ee93c26a626) Importer(815301076,1909f56bfc062723c751e8b465ee728b)
Start importing Assets/Prefab/Skeleton@Skin.prefab using Guid(dd0ec16675139db41b1c3ee93c26a626) Importer(815301076,1909f56bfc062723c751e8b465ee728b)  -> (artifact id: 'b85702b9749689de4e2aa77dfeb76d1d') in 0.051050 seconds
Number of updated asset objects reloaded before import = 0
Number of asset objects unloaded after import = 93
========================================================================
Received Import Request.
  Time since last request: 45.296259 seconds.
  path: Assets/Scripts/Monster/NewMonsterData.asset
  artifactKey: Guid(56c842632ee731344a82312e2ed2894c) Importer(815301076,1909f56bfc062723c751e8b465ee728b)
Start importing Assets/Scripts/Monster/NewMonsterData.asset using Guid(56c842632ee731344a82312e2ed2894c) Importer(815301076,1909f56bfc062723c751e8b465ee728b)  -> (artifact id: 'fa531560579ffe421ad39bf4a87c4092') in 0.000997 seconds
Number of updated asset objects reloaded before import = 0
Number of asset objects unloaded after import = 1
========================================================================
Received Prepare
Begin MonoManager ReloadAssembly
- Loaded All Assemblies, in  0.393 seconds
Refreshing native plugins compatible for Editor in 2.83 ms, found 3 plugins.
Native extension for WindowsStandalone target not found
Native extension for Android target not found
Mono: successfully reloaded assembly
- Finished resetting the current domain, in  1.074 seconds
Domain Reload Profiling: 1465ms
	BeginReloadAssembly (131ms)
		ExecutionOrderSort (0ms)
		DisableScriptedObjects (4ms)
		BackupInstance (0ms)
		ReleaseScriptingObjects (0ms)
		CreateAndSetChildDomain (32ms)
	RebuildCommonClasses (24ms)
	RebuildNativeTypeToScriptingClass (10ms)
	initialDomainReloadingComplete (24ms)
	LoadAllAssembliesAndSetupDomain (202ms)
		LoadAssemblies (259ms)
		RebuildTransferFunctionScriptingTraits (0ms)
		AnalyzeDomain (9ms)
			TypeCache.Refresh (4ms)
				TypeCache.ScanAssembly (0ms)
			ScanForSourceGeneratedMonoScriptInfo (0ms)
			ResolveRequiredComponents (4ms)
	FinalizeReload (1074ms)
		ReleaseScriptCaches (0ms)
		RebuildScriptCaches (0ms)
		SetupLoadedEditorAssemblies (584ms)
			LogAssemblyErrors (0ms)
			InitializePlatformSupportModulesInManaged (27ms)
			SetLoadedEditorAssemblies (6ms)
			RefreshPlugins (0ms)
			BeforeProcessingInitializeOnLoad (105ms)
			ProcessInitializeOnLoadAttributes (414ms)
			ProcessInitializeOnLoadMethodAttributes (23ms)
			AfterProcessingInitializeOnLoad (8ms)
			EditorAssembliesLoaded (0ms)
		ExecutionOrderSort2 (0ms)
		AwakeInstancesAfterBackupRestoration (5ms)
Refreshing native plugins compatible for Editor in 3.09 ms, found 3 plugins.
Preloading 0 native plugins for Editor in 0.00 ms.
Unloading 3510 Unused Serialized files (Serialized files now loaded: 0)
Unloading 25 unused Assets / (31.6 KB). Loaded Objects now: 4052.
Memory consumption went from 152.0 MB to 152.0 MB.
Total: 3.157200 ms (FindLiveObjects: 0.259600 ms CreateObjectMapping: 0.211200 ms MarkObjects: 2.639200 ms  DeleteObjects: 0.046300 ms)

Prepare: number of updated asset objects reloaded= 0
AssetImportParameters requested are different than current active one (requested -> active):
  custom:container-demuxer-ogg: 62fdf1f143b41e24485cea50d1cbac27 -> 
  custom:video-decoder-ogg-theora: a1e56fd34408186e4bbccfd4996cb3dc -> 
  custom:framework-win-MediaFoundation: 216162199b28c13a410421893ffa2e32 -> 
  custom:scripting/monoscript/fileName/PlayerController.cs: 5b090d859ab09be631dc3b0f203f9571 -> d93a52a180fbbe603a59e9aa6da73c83
  custom:scripting/monoscript/fileName/PlayerData.cs: b289807c6ad7b806f3fc454bb23db212 -> e4b7b96b5a8bcbcb4be40bfb1d4ff5c1
  custom:scripting/monoscript/fileName/InputManager.cs: 7b7e1225e8975c742a5529db57f3bba2 -> d93f6a1b1c0c117f420779e72340a718
  custom:CustomObjectIndexerAttribute: 9a22284fe3817be447336de3de66b15e -> 
  custom:container-demuxer-webm: 4f35f7cbe854078d1ac9338744f61a02 -> 
  custom:container-muxer-webm: aa71ff27fc2769a1b78a27578f13a17b -> 
  custom:video-decoder-webm-vp8: 9c59270c3fd7afecdb556c50c9e8de78 -> 
  custom:scripting/monoscript/fileName/PlayerState.cs: 3f6acdae2223f469273f1d8db0f2cb43 -> 3c2a2cdf27e0edd61d4eb43581c92d2d
  custom:SearchIndexIgnoredProperties: e643bd26f0fe6173181afceb89e7c659 -> 
  custom:AudioImporter_EditorPlatform: d09bf68614088b80899f8185d706f6e7 -> 
  custom:scripting/monoscript/fileName/PlayerInput.cs: c83d1e229fa5720cf83321911abdf8d8 -> 681925b6d303bf4fa01f7607a4114af6
  custom:scripting/monoscript/fileName/CameraManager.cs: aed9c44757be832056db2ab37b8efb1f -> efa49515d521c118282ca7f85f908717
  custom:scripting/monoscript/fileName/MonsterData.cs: 9565cd019084ee5c579c99b3e107f38a -> 8f7d3284e8b7243cf561ca2036830635
  custom:scripting/monoscript/fileName/PlayerStateManager.cs: 0e1a2fec6e39cb5d059c8e0bd5cda23f -> 5348b1d66c1997b1b00ccc323315127c
  custom:video-encoder-webm-vp8: eb34c28f22e8b96e1ab97ce403110664 -> 
  custom:audio-decoder-ogg-vorbis: bf7c407c2cedff20999df2af8eb42d56 -> 
  custom:audio-encoder-webm-vorbis: bf7c407c2cedff20999df2af8eb42d56 -> 
  custom:scripting/monoscript/fileName/MonsterController.cs: b0fa87c27d305dddc274e231912c0a1d -> 28808f0894306c5aff71ef050198d6a8
  custom:scripting/monoscript/fileName/MonsterState.cs: 5d5be4e089eb39240806befd0d6f46fa -> 06eba54e1d53d53114fe2729eca9837b
